 
****************************************
Report : area
Design : onoff_filter_comp_center
Version: P-2019.03
Date   : Fri Apr 22 19:51:14 2022
****************************************

Library(s) Used:

    NangateOpenCellLibrary (File: /afs/andrew.cmu.edu/course/18/743/backend/45nm_Nangate/pdk_v1.3_v2010_12/NangateOpenCellLibrary_PDKv1_3_v2010_12/Front_End/Liberty/NLDM/NangateOpenCellLibrary_typical.db)

Number of ports:                          152
Number of nets:                           261
Number of cells:                          141
Number of combinational cells:            110
Number of sequential cells:                 2
Number of macros/black boxes:               0
Number of buf/inv:                         48
Number of references:                       4

Combinational area:                 89.907999
Buf/Inv area:                       25.536000
Noncombinational area:               5.320000
Macro/Black Box area:                0.000000
Net Interconnect area:      undefined  (Wire load has zero net area)

Total cell area:                    95.227999
Total area:                 undefined

Hierarchical area distribution
------------------------------

                                  Global cell area          Local cell area
                                  ------------------  --------------------------- 
Hierarchical cell                 Absolute   Percent  Combi-    Noncombi-  Black-
                                  Total      Total    national  national   boxes   Design
--------------------------------  ---------  -------  --------  ---------  ------  --------------------------------
onoff_filter_comp_center            95.2280    100.0   26.0680     0.0000  0.0000  onoff_filter_comp_center
edgeSort8                           63.8400     67.0    0.0000     0.0000  0.0000  bitonic_sort_32_N3
edgeSort8/genblk1_halfSorter1       15.9600     16.8    0.0000     0.0000  0.0000  bitonic_sort_32_N2_INPUT_SIZE4_1
edgeSort8/genblk1_halfSorter1/genblk1_halfSorter1
                                     2.6600      2.8    2.6600     0.0000  0.0000  bitonic_sort_2_11
edgeSort8/genblk1_halfSorter1/genblk1_halfSorter2
                                     2.6600      2.8    2.6600     0.0000  0.0000  bitonic_sort_2_10
edgeSort8/genblk1_halfSorter1/loop1_0__loop2_0__loop3_0__genblk1_last_step_sort
                                     2.6600      2.8    2.6600     0.0000  0.0000  bitonic_sort_2_9
edgeSort8/genblk1_halfSorter1/loop1_0__loop2_0__loop3_1__genblk1_last_step_sort
                                     2.6600      2.8    2.6600     0.0000  0.0000  bitonic_sort_2_8
edgeSort8/genblk1_halfSorter1/loop1_1__loop2_0__loop3_0__genblk1_last_step_sort
                                     2.6600      2.8    2.6600     0.0000  0.0000  bitonic_sort_2_7
edgeSort8/genblk1_halfSorter1/loop1_1__loop2_1__loop3_0__genblk1_last_step_sort
                                     2.6600      2.8    2.6600     0.0000  0.0000  bitonic_sort_2_6
edgeSort8/genblk1_halfSorter2       15.9600     16.8    0.0000     0.0000  0.0000  bitonic_sort_32_N2_INPUT_SIZE4_0
edgeSort8/genblk1_halfSorter2/genblk1_halfSorter1
                                     2.6600      2.8    2.6600     0.0000  0.0000  bitonic_sort_2_5
edgeSort8/genblk1_halfSorter2/genblk1_halfSorter2
                                     2.6600      2.8    2.6600     0.0000  0.0000  bitonic_sort_2_4
edgeSort8/genblk1_halfSorter2/loop1_0__loop2_0__loop3_0__genblk1_last_step_sort
                                     2.6600      2.8    2.6600     0.0000  0.0000  bitonic_sort_2_3
edgeSort8/genblk1_halfSorter2/loop1_0__loop2_0__loop3_1__genblk1_last_step_sort
                                     2.6600      2.8    2.6600     0.0000  0.0000  bitonic_sort_2_2
edgeSort8/genblk1_halfSorter2/loop1_1__loop2_0__loop3_0__genblk1_last_step_sort
                                     2.6600      2.8    2.6600     0.0000  0.0000  bitonic_sort_2_1
edgeSort8/genblk1_halfSorter2/loop1_1__loop2_1__loop3_0__genblk1_last_step_sort
                                     2.6600      2.8    2.6600     0.0000  0.0000  bitonic_sort_2_0
edgeSort8/loop1_0__loop2_0__loop3_0__genblk1_last_step_sort
                                     2.6600      2.8    2.6600     0.0000  0.0000  bitonic_sort_2_23
edgeSort8/loop1_0__loop2_0__loop3_1__genblk1_last_step_sort
                                     2.6600      2.8    2.6600     0.0000  0.0000  bitonic_sort_2_22
edgeSort8/loop1_0__loop2_0__loop3_2__genblk1_last_step_sort
                                     2.6600      2.8    2.6600     0.0000  0.0000  bitonic_sort_2_21
edgeSort8/loop1_0__loop2_0__loop3_3__genblk1_last_step_sort
                                     2.6600      2.8    2.6600     0.0000  0.0000  bitonic_sort_2_20
edgeSort8/loop1_1__loop2_0__loop3_0__genblk1_last_step_sort
                                     2.6600      2.8    2.6600     0.0000  0.0000  bitonic_sort_2_19
edgeSort8/loop1_1__loop2_0__loop3_1__genblk1_last_step_sort
                                     2.6600      2.8    2.6600     0.0000  0.0000  bitonic_sort_2_18
edgeSort8/loop1_1__loop2_1__loop3_0__genblk1_last_step_sort
                                     2.6600      2.8    2.6600     0.0000  0.0000  bitonic_sort_2_17
edgeSort8/loop1_1__loop2_1__loop3_1__genblk1_last_step_sort
                                     2.6600      2.8    2.6600     0.0000  0.0000  bitonic_sort_2_16
edgeSort8/loop1_2__loop2_0__loop3_0__genblk1_last_step_sort
                                     2.6600      2.8    2.6600     0.0000  0.0000  bitonic_sort_2_15
edgeSort8/loop1_2__loop2_1__loop3_0__genblk1_last_step_sort
                                     2.6600      2.8    2.6600     0.0000  0.0000  bitonic_sort_2_14
edgeSort8/loop1_2__loop2_2__loop3_0__genblk1_last_step_sort
                                     2.6600      2.8    2.6600     0.0000  0.0000  bitonic_sort_2_13
edgeSort8/loop1_2__loop2_3__loop3_0__genblk1_last_step_sort
                                     2.6600      2.8    2.6600     0.0000  0.0000  bitonic_sort_2_12
isOffCenter                          2.6600      2.8    0.0000     2.6600  0.0000  earlier_than_0
isOnCenter                           2.6600      2.8    0.0000     2.6600  0.0000  earlier_than_1
--------------------------------  ---------  -------  --------  ---------  ------  --------------------------------
Total                                                  89.9080     5.3200  0.0000

1
